Using pre-set license
Built from '2020.3/staging' branch; Version is '2020.3.17f1 (a4537701e4ab) revision 10769271'; Using compiler version '192528614'; Build Type 'Release'
OS: 'Windows 10 Home; OS build 19043.1645; Version 2009; 64bit' Language: 'fr' Physical Memory: 8103 MB
BatchMode: 1, IsHumanControllingUs: 0, StartBugReporterOnCrash: 0, Is64bit: 1, IsPro: 0

COMMAND LINE ARGUMENTS:
C:\Program Files\Unity\2020.3.17f1\Editor\Unity.exe
-adb2
-batchMode
-noUpm
-name
AssetImportWorker2
-projectPath
D:/PT06DA/Ythi/Unity_Project/My-Project
-logFile
Logs/AssetImportWorker2.log
-srvPort
59431
Successfully changed project path to: D:/PT06DA/Ythi/Unity_Project/My-Project
D:/PT06DA/Ythi/Unity_Project/My-Project
Using Asset Import Pipeline V2.
