Using pre-set license
<<<<<<< Updated upstream
Built from '2020.3/staging' branch; Version is '2020.3.17f1 (a4537701e4ab) revision 10769271'; Using compiler version '192528614'; Build Type 'Release'
OS: 'Windows 10 Enterprise LTSC 2019; OS build 17763.2061; Version 1809; 64bit' Language: 'fr' Physical Memory: 8003 MB
BatchMode: 1, IsHumanControllingUs: 0, StartBugReporterOnCrash: 0, Is64bit: 1, IsPro: 0

COMMAND LINE ARGUMENTS:
C:\Program Files\Unity_2020_LTS\Editor\Unity.exe
=======
Built from '2020.3/staging' branch; Version is '2020.3.22f1 (e1a7f79fd887) revision 14788599'; Using compiler version '192528614'; Build Type 'Release'
OS: 'Windows 10 Home; OS build 19043.1645; Version 2009; 64bit' Language: 'fr' Physical Memory: 8103 MB
BatchMode: 1, IsHumanControllingUs: 0, StartBugReporterOnCrash: 0, Is64bit: 1, IsPro: 0

COMMAND LINE ARGUMENTS:
C:\Program Files\Unity\2020.3.22f1\Editor\Unity.exe
>>>>>>> Stashed changes
-adb2
-batchMode
-noUpm
-name
AssetImportWorker0
-projectPath
<<<<<<< Updated upstream
C:/Users/thibaulty/Documents/GitHub/My-Project
-logFile
Logs/AssetImportWorker0.log
-srvPort
61524
Successfully changed project path to: C:/Users/thibaulty/Documents/GitHub/My-Project
C:/Users/thibaulty/Documents/GitHub/My-Project
Using Asset Import Pipeline V2.
Refreshing native plugins compatible for Editor in 50.74 ms, found 2 plugins.
Preloading 0 native plugins for Editor in 0.00 ms.
Initialize engine version: 2020.3.17f1 (a4537701e4ab)
[Subsystems] Discovering subsystems at path C:/Program Files/Unity_2020_LTS/Editor/Data/Resources/UnitySubsystems
[Subsystems] Discovering subsystems at path C:/Users/thibaulty/Documents/GitHub/My-Project/Assets
GfxDevice: creating device client; threaded=0
Direct3D:
    Version:  Direct3D 11.0 [level 11.1]
    Renderer: NVIDIA GeForce GTX 1660 Ti with Max-Q Design (ID=0x2191)
    Vendor:   
    VRAM:     5991 MB
    Driver:   27.21.14.6231
Initialize mono
Mono path[0] = 'C:/Program Files/Unity_2020_LTS/Editor/Data/Managed'
Mono path[1] = 'C:/Program Files/Unity_2020_LTS/Editor/Data/MonoBleedingEdge/lib/mono/unityjit'
Mono config path = 'C:/Program Files/Unity_2020_LTS/Editor/Data/MonoBleedingEdge/etc'
Using monoOptions --debugger-agent=transport=dt_socket,embedding=1,server=y,suspend=n,address=127.0.0.1:56752
Begin MonoManager ReloadAssembly
Registering precompiled unity dll's ...
Register platform support module: C:/Program Files/Unity_2020_LTS/Editor/Data/PlaybackEngines/WindowsStandaloneSupport/UnityEditor.WindowsStandalone.Extensions.dll
Registered in 0.001881 seconds.
Native extension for WindowsStandalone target not found
Refreshing native plugins compatible for Editor in 35.78 ms, found 2 plugins.
Preloading 0 native plugins for Editor in 0.00 ms.
Mono: successfully reloaded assembly
- Completed reload, in  1.458 seconds
Domain Reload Profiling:
	ReloadAssembly (1458ms)
		BeginReloadAssembly (93ms)
=======
D:/PT06DA/Ythi/Unity_Project/My-Project
-logFile
Logs/AssetImportWorker0.log
-srvPort
54687
Successfully changed project path to: D:/PT06DA/Ythi/Unity_Project/My-Project
D:/PT06DA/Ythi/Unity_Project/My-Project
Using Asset Import Pipeline V2.
Refreshing native plugins compatible for Editor in 69.54 ms, found 2 plugins.
Preloading 0 native plugins for Editor in 0.00 ms.
Initialize engine version: 2020.3.22f1 (e1a7f79fd887)
[Subsystems] Discovering subsystems at path C:/Program Files/Unity/2020.3.22f1/Editor/Data/Resources/UnitySubsystems
[Subsystems] Discovering subsystems at path D:/PT06DA/Ythi/Unity_Project/My-Project/Assets
GfxDevice: creating device client; threaded=0
Direct3D:
    Version:  Direct3D 11.0 [level 11.1]
    Renderer: Intel(R) HD Graphics 520 (ID=0x1916)
    Vendor:   
    VRAM:     4051 MB
    Driver:   21.20.16.4821
Initialize mono
Mono path[0] = 'C:/Program Files/Unity/2020.3.22f1/Editor/Data/Managed'
Mono path[1] = 'C:/Program Files/Unity/2020.3.22f1/Editor/Data/MonoBleedingEdge/lib/mono/unityjit'
Mono config path = 'C:/Program Files/Unity/2020.3.22f1/Editor/Data/MonoBleedingEdge/etc'
Using monoOptions --debugger-agent=transport=dt_socket,embedding=1,server=y,suspend=n,address=127.0.0.1:56472
Begin MonoManager ReloadAssembly
Registering precompiled unity dll's ...
Register platform support module: C:/Program Files/Unity/2020.3.22f1/Editor/Data/PlaybackEngines/WebGLSupport/UnityEditor.WebGL.Extensions.dll
Register platform support module: C:/Program Files/Unity/2020.3.22f1/Editor/Data/PlaybackEngines/WindowsStandaloneSupport/UnityEditor.WindowsStandalone.Extensions.dll
Registered in 0.005329 seconds.
Native extension for WindowsStandalone target not found
Native extension for WebGL target not found
Refreshing native plugins compatible for Editor in 63.25 ms, found 2 plugins.
Preloading 0 native plugins for Editor in 0.00 ms.
Mono: successfully reloaded assembly
- Completed reload, in  4.277 seconds
Domain Reload Profiling:
	ReloadAssembly (4277ms)
		BeginReloadAssembly (86ms)
>>>>>>> Stashed changes
			ExecutionOrderSort (0ms)
			DisableScriptedObjects (0ms)
			BackupInstance (0ms)
			ReleaseScriptingObjects (0ms)
			CreateAndSetChildDomain (1ms)
<<<<<<< Updated upstream
		EndReloadAssembly (539ms)
			LoadAssemblies (89ms)
			RebuildTransferFunctionScriptingTraits (0ms)
			SetupTypeCache (223ms)
			ReleaseScriptCaches (0ms)
			RebuildScriptCaches (38ms)
			SetupLoadedEditorAssemblies (176ms)
				LogAssemblyErrors (0ms)
				InitializePlatformSupportModulesInManaged (4ms)
				SetLoadedEditorAssemblies (0ms)
				RefreshPlugins (36ms)
				BeforeProcessingInitializeOnLoad (10ms)
				ProcessInitializeOnLoadAttributes (95ms)
				ProcessInitializeOnLoadMethodAttributes (32ms)
=======
		EndReloadAssembly (655ms)
			LoadAssemblies (83ms)
			RebuildTransferFunctionScriptingTraits (0ms)
			SetupTypeCache (222ms)
			ReleaseScriptCaches (0ms)
			RebuildScriptCaches (40ms)
			SetupLoadedEditorAssemblies (256ms)
				LogAssemblyErrors (0ms)
				InitializePlatformSupportModulesInManaged (8ms)
				SetLoadedEditorAssemblies (0ms)
				RefreshPlugins (63ms)
				BeforeProcessingInitializeOnLoad (22ms)
				ProcessInitializeOnLoadAttributes (125ms)
				ProcessInitializeOnLoadMethodAttributes (38ms)
>>>>>>> Stashed changes
				AfterProcessingInitializeOnLoad (0ms)
				EditorAssembliesLoaded (0ms)
			ExecutionOrderSort2 (0ms)
			AwakeInstancesAfterBackupRestoration (0ms)
Platform modules already initialized, skipping
Registering precompiled user dll's ...
<<<<<<< Updated upstream
Registered in 0.006967 seconds.
Begin MonoManager ReloadAssembly
Native extension for WindowsStandalone target not found
Refreshing native plugins compatible for Editor in 0.42 ms, found 2 plugins.
Preloading 0 native plugins for Editor in 0.00 ms.
Mono: successfully reloaded assembly
- Completed reload, in  1.389 seconds
Domain Reload Profiling:
	ReloadAssembly (1391ms)
		BeginReloadAssembly (167ms)
			ExecutionOrderSort (0ms)
			DisableScriptedObjects (7ms)
			BackupInstance (0ms)
			ReleaseScriptingObjects (0ms)
			CreateAndSetChildDomain (19ms)
		EndReloadAssembly (1155ms)
			LoadAssemblies (102ms)
			RebuildTransferFunctionScriptingTraits (0ms)
			SetupTypeCache (412ms)
			ReleaseScriptCaches (1ms)
			RebuildScriptCaches (76ms)
			SetupLoadedEditorAssemblies (421ms)
				LogAssemblyErrors (0ms)
				InitializePlatformSupportModulesInManaged (6ms)
				SetLoadedEditorAssemblies (1ms)
				RefreshPlugins (1ms)
				BeforeProcessingInitializeOnLoad (75ms)
				ProcessInitializeOnLoadAttributes (315ms)
				ProcessInitializeOnLoadMethodAttributes (14ms)
				AfterProcessingInitializeOnLoad (9ms)
				EditorAssembliesLoaded (0ms)
			ExecutionOrderSort2 (0ms)
			AwakeInstancesAfterBackupRestoration (9ms)
Platform modules already initialized, skipping
========================================================================
Worker process is ready to serve import requests
Launched and connected shader compiler UnityShaderCompiler.exe after 0.09 seconds
Refreshing native plugins compatible for Editor in 0.67 ms, found 2 plugins.
Preloading 0 native plugins for Editor in 0.00 ms.
Unloading 1562 Unused Serialized files (Serialized files now loaded: 0)
System memory in use before: 84.3 MB.
System memory in use after: 84.4 MB.

Unloading 19 unused Assets to reduce memory usage. Loaded Objects now: 2010.
Total: 4.585200 ms (FindLiveObjects: 0.336400 ms CreateObjectMapping: 0.106100 ms MarkObjects: 3.998700 ms  DeleteObjects: 0.141600 ms)
=======
Registered in 0.011829 seconds.
Begin MonoManager ReloadAssembly
Native extension for WindowsStandalone target not found
Native extension for WebGL target not found
Refreshing native plugins compatible for Editor in 0.77 ms, found 2 plugins.
Preloading 0 native plugins for Editor in 0.00 ms.
Mono: successfully reloaded assembly
- Completed reload, in  1.538 seconds
Domain Reload Profiling:
	ReloadAssembly (1539ms)
		BeginReloadAssembly (206ms)
			ExecutionOrderSort (0ms)
			DisableScriptedObjects (6ms)
			BackupInstance (0ms)
			ReleaseScriptingObjects (0ms)
			CreateAndSetChildDomain (25ms)
		EndReloadAssembly (1244ms)
			LoadAssemblies (179ms)
			RebuildTransferFunctionScriptingTraits (0ms)
			SetupTypeCache (416ms)
			ReleaseScriptCaches (1ms)
			RebuildScriptCaches (66ms)
			SetupLoadedEditorAssemblies (460ms)
				LogAssemblyErrors (0ms)
				InitializePlatformSupportModulesInManaged (8ms)
				SetLoadedEditorAssemblies (1ms)
				RefreshPlugins (1ms)
				BeforeProcessingInitializeOnLoad (121ms)
				ProcessInitializeOnLoadAttributes (302ms)
				ProcessInitializeOnLoadMethodAttributes (15ms)
				AfterProcessingInitializeOnLoad (12ms)
				EditorAssembliesLoaded (0ms)
			ExecutionOrderSort2 (0ms)
			AwakeInstancesAfterBackupRestoration (10ms)
Platform modules already initialized, skipping
========================================================================
Worker process is ready to serve import requests
Launched and connected shader compiler UnityShaderCompiler.exe after 0.12 seconds
Refreshing native plugins compatible for Editor in 1.12 ms, found 2 plugins.
Preloading 0 native plugins for Editor in 0.00 ms.
Unloading 1981 Unused Serialized files (Serialized files now loaded: 0)
System memory in use before: 101.2 MB.
System memory in use after: 101.3 MB.

Unloading 20 unused Assets to reduce memory usage. Loaded Objects now: 2430.
Total: 6.067300 ms (FindLiveObjects: 0.471400 ms CreateObjectMapping: 0.218700 ms MarkObjects: 5.138000 ms  DeleteObjects: 0.237200 ms)
>>>>>>> Stashed changes

AssetImportParameters requested are different than current active one (requested -> active):
  custom:framework-win-MediaFoundation: 216162199b28c13a410421893ffa2e32 -> 
  custom:video-decoder-ogg-theora: a1e56fd34408186e4bbccfd4996cb3dc -> 
  custom:container-muxer-webm: aa71ff27fc2769a1b78a27578f13a17b -> 
  custom:container-demuxer-webm: 4f35f7cbe854078d1ac9338744f61a02 -> 
  custom:container-demuxer-ogg: 62fdf1f143b41e24485cea50d1cbac27 -> 
  custom:video-encoder-webm-vp8: eb34c28f22e8b96e1ab97ce403110664 -> 
<<<<<<< Updated upstream
=======
  custom:video-codec-MediaFoundation-h265: 746d11721c4dcdbdad8f713fa42b33f4 -> 
>>>>>>> Stashed changes
  custom:video-decoder-webm-vp8: 9c59270c3fd7afecdb556c50c9e8de78 -> 
  custom:audio-decoder-ogg-vorbis: bf7c407c2cedff20999df2af8eb42d56 -> 
  custom:audio-encoder-webm-vorbis: bf7c407c2cedff20999df2af8eb42d56 -> 
========================================================================
Received Import Request.
<<<<<<< Updated upstream
  path: Assets/Scripts/ai/BoxBoiBehaviour.cs
  artifactKey: Guid(df405aa9c6596644894f65addcffb183) Importer(815301076,1909f56bfc062723c751e8b465ee728b)
Start importing Assets/Scripts/ai/BoxBoiBehaviour.cs using Guid(df405aa9c6596644894f65addcffb183) Importer(815301076,1909f56bfc062723c751e8b465ee728b)  -> (artifact id: '0fc5d99222ab261a90319e0e34430e7b') in 0.050501 seconds 
  Import took 0.055609 seconds .

========================================================================
Received Prepare
Registering precompiled user dll's ...
Registered in 0.007571 seconds.
Begin MonoManager ReloadAssembly
Native extension for WindowsStandalone target not found
Refreshing native plugins compatible for Editor in 0.45 ms, found 2 plugins.
Preloading 0 native plugins for Editor in 0.00 ms.
Mono: successfully reloaded assembly
- Completed reload, in  1.189 seconds
Domain Reload Profiling:
	ReloadAssembly (1190ms)
		BeginReloadAssembly (147ms)
			ExecutionOrderSort (0ms)
			DisableScriptedObjects (6ms)
			BackupInstance (0ms)
			ReleaseScriptingObjects (0ms)
			CreateAndSetChildDomain (46ms)
		EndReloadAssembly (962ms)
			LoadAssemblies (128ms)
			RebuildTransferFunctionScriptingTraits (0ms)
			SetupTypeCache (354ms)
			ReleaseScriptCaches (1ms)
			RebuildScriptCaches (46ms)
			SetupLoadedEditorAssemblies (325ms)
				LogAssemblyErrors (0ms)
				InitializePlatformSupportModulesInManaged (6ms)
				SetLoadedEditorAssemblies (1ms)
				RefreshPlugins (1ms)
				BeforeProcessingInitializeOnLoad (54ms)
				ProcessInitializeOnLoadAttributes (245ms)
				ProcessInitializeOnLoadMethodAttributes (11ms)
				AfterProcessingInitializeOnLoad (8ms)
				EditorAssembliesLoaded (0ms)
			ExecutionOrderSort2 (0ms)
			AwakeInstancesAfterBackupRestoration (9ms)
Platform modules already initialized, skipping
Refreshing native plugins compatible for Editor in 0.75 ms, found 2 plugins.
Preloading 0 native plugins for Editor in 0.00 ms.
Unloading 1543 Unused Serialized files (Serialized files now loaded: 0)
System memory in use before: 82.9 MB.
System memory in use after: 83.0 MB.

Unloading 14 unused Assets to reduce memory usage. Loaded Objects now: 2012.
Total: 4.087400 ms (FindLiveObjects: 0.209900 ms CreateObjectMapping: 0.064300 ms MarkObjects: 3.781700 ms  DeleteObjects: 0.029800 ms)

AssetImportParameters requested are different than current active one (requested -> active):
  custom:framework-win-MediaFoundation: 216162199b28c13a410421893ffa2e32 -> 
  custom:video-decoder-ogg-theora: a1e56fd34408186e4bbccfd4996cb3dc -> 
  custom:container-muxer-webm: aa71ff27fc2769a1b78a27578f13a17b -> 
  custom:container-demuxer-webm: 4f35f7cbe854078d1ac9338744f61a02 -> 
  custom:container-demuxer-ogg: 62fdf1f143b41e24485cea50d1cbac27 -> 
  custom:video-encoder-webm-vp8: eb34c28f22e8b96e1ab97ce403110664 -> 
  custom:video-decoder-webm-vp8: 9c59270c3fd7afecdb556c50c9e8de78 -> 
  custom:audio-decoder-ogg-vorbis: bf7c407c2cedff20999df2af8eb42d56 -> 
  custom:audio-encoder-webm-vorbis: bf7c407c2cedff20999df2af8eb42d56 -> 
========================================================================
Received Import Request.
  Time since last request: 280.287074 seconds.
  path: Assets/Scripts/ai/BoxBoiBehaviour.cs
  artifactKey: Guid(df405aa9c6596644894f65addcffb183) Importer(815301076,1909f56bfc062723c751e8b465ee728b)
Start importing Assets/Scripts/ai/BoxBoiBehaviour.cs using Guid(df405aa9c6596644894f65addcffb183) Importer(815301076,1909f56bfc062723c751e8b465ee728b)  -> (artifact id: '401fbddcce89836a918ce8a8e75a9cea') in 0.007995 seconds 
  Import took 0.012754 seconds .

========================================================================
Received Prepare
Registering precompiled user dll's ...
Registered in 0.005790 seconds.
Begin MonoManager ReloadAssembly
Native extension for WindowsStandalone target not found
Refreshing native plugins compatible for Editor in 0.54 ms, found 2 plugins.
Preloading 0 native plugins for Editor in 0.00 ms.
Mono: successfully reloaded assembly
- Completed reload, in  1.285 seconds
Domain Reload Profiling:
	ReloadAssembly (1285ms)
		BeginReloadAssembly (145ms)
			ExecutionOrderSort (0ms)
			DisableScriptedObjects (6ms)
			BackupInstance (0ms)
			ReleaseScriptingObjects (0ms)
			CreateAndSetChildDomain (45ms)
		EndReloadAssembly (1067ms)
			LoadAssemblies (111ms)
			RebuildTransferFunctionScriptingTraits (0ms)
			SetupTypeCache (420ms)
			ReleaseScriptCaches (1ms)
			RebuildScriptCaches (57ms)
			SetupLoadedEditorAssemblies (335ms)
				LogAssemblyErrors (0ms)
				InitializePlatformSupportModulesInManaged (6ms)
				SetLoadedEditorAssemblies (1ms)
				RefreshPlugins (1ms)
				BeforeProcessingInitializeOnLoad (63ms)
				ProcessInitializeOnLoadAttributes (247ms)
				ProcessInitializeOnLoadMethodAttributes (11ms)
				AfterProcessingInitializeOnLoad (6ms)
				EditorAssembliesLoaded (0ms)
			ExecutionOrderSort2 (0ms)
			AwakeInstancesAfterBackupRestoration (8ms)
Platform modules already initialized, skipping
Refreshing native plugins compatible for Editor in 0.83 ms, found 2 plugins.
Preloading 0 native plugins for Editor in 0.00 ms.
Unloading 1543 Unused Serialized files (Serialized files now loaded: 0)
System memory in use before: 82.9 MB.
System memory in use after: 83.0 MB.

Unloading 14 unused Assets to reduce memory usage. Loaded Objects now: 2014.
Total: 7.649500 ms (FindLiveObjects: 0.417200 ms CreateObjectMapping: 0.337700 ms MarkObjects: 6.812900 ms  DeleteObjects: 0.079000 ms)

AssetImportParameters requested are different than current active one (requested -> active):
  custom:framework-win-MediaFoundation: 216162199b28c13a410421893ffa2e32 -> 
  custom:video-decoder-ogg-theora: a1e56fd34408186e4bbccfd4996cb3dc -> 
  custom:container-muxer-webm: aa71ff27fc2769a1b78a27578f13a17b -> 
  custom:container-demuxer-webm: 4f35f7cbe854078d1ac9338744f61a02 -> 
  custom:container-demuxer-ogg: 62fdf1f143b41e24485cea50d1cbac27 -> 
  custom:video-encoder-webm-vp8: eb34c28f22e8b96e1ab97ce403110664 -> 
  custom:video-decoder-webm-vp8: 9c59270c3fd7afecdb556c50c9e8de78 -> 
  custom:audio-decoder-ogg-vorbis: bf7c407c2cedff20999df2af8eb42d56 -> 
  custom:audio-encoder-webm-vorbis: bf7c407c2cedff20999df2af8eb42d56 -> 
========================================================================
Received Import Request.
  Time since last request: 85.656768 seconds.
  path: Assets/Scripts/ai/BoxBoiBehaviour.cs
  artifactKey: Guid(df405aa9c6596644894f65addcffb183) Importer(815301076,1909f56bfc062723c751e8b465ee728b)
Start importing Assets/Scripts/ai/BoxBoiBehaviour.cs using Guid(df405aa9c6596644894f65addcffb183) Importer(815301076,1909f56bfc062723c751e8b465ee728b)  -> (artifact id: '93f088d9f8f3c8a0993f05557804171a') in 0.008705 seconds 
  Import took 0.013835 seconds .

========================================================================
Received Prepare
Registering precompiled user dll's ...
Registered in 0.007181 seconds.
Begin MonoManager ReloadAssembly
Native extension for WindowsStandalone target not found
Refreshing native plugins compatible for Editor in 0.69 ms, found 2 plugins.
Preloading 0 native plugins for Editor in 0.00 ms.
Mono: successfully reloaded assembly
- Completed reload, in  1.235 seconds
Domain Reload Profiling:
	ReloadAssembly (1236ms)
		BeginReloadAssembly (126ms)
			ExecutionOrderSort (0ms)
			DisableScriptedObjects (6ms)
			BackupInstance (0ms)
			ReleaseScriptingObjects (0ms)
			CreateAndSetChildDomain (37ms)
		EndReloadAssembly (1031ms)
			LoadAssemblies (115ms)
			RebuildTransferFunctionScriptingTraits (0ms)
			SetupTypeCache (350ms)
			ReleaseScriptCaches (1ms)
			RebuildScriptCaches (52ms)
			SetupLoadedEditorAssemblies (394ms)
				LogAssemblyErrors (0ms)
				InitializePlatformSupportModulesInManaged (12ms)
				SetLoadedEditorAssemblies (1ms)
				RefreshPlugins (1ms)
				BeforeProcessingInitializeOnLoad (84ms)
				ProcessInitializeOnLoadAttributes (279ms)
				ProcessInitializeOnLoadMethodAttributes (10ms)
				AfterProcessingInitializeOnLoad (7ms)
				EditorAssembliesLoaded (0ms)
			ExecutionOrderSort2 (0ms)
			AwakeInstancesAfterBackupRestoration (7ms)
Platform modules already initialized, skipping
Refreshing native plugins compatible for Editor in 0.76 ms, found 2 plugins.
Preloading 0 native plugins for Editor in 0.00 ms.
Unloading 1543 Unused Serialized files (Serialized files now loaded: 0)
System memory in use before: 82.9 MB.
System memory in use after: 83.0 MB.

Unloading 14 unused Assets to reduce memory usage. Loaded Objects now: 2016.
Total: 8.444600 ms (FindLiveObjects: 0.283400 ms CreateObjectMapping: 0.098700 ms MarkObjects: 8.023000 ms  DeleteObjects: 0.036900 ms)

AssetImportParameters requested are different than current active one (requested -> active):
  custom:framework-win-MediaFoundation: 216162199b28c13a410421893ffa2e32 -> 
  custom:video-decoder-ogg-theora: a1e56fd34408186e4bbccfd4996cb3dc -> 
  custom:container-muxer-webm: aa71ff27fc2769a1b78a27578f13a17b -> 
  custom:container-demuxer-webm: 4f35f7cbe854078d1ac9338744f61a02 -> 
  custom:container-demuxer-ogg: 62fdf1f143b41e24485cea50d1cbac27 -> 
  custom:video-encoder-webm-vp8: eb34c28f22e8b96e1ab97ce403110664 -> 
  custom:video-decoder-webm-vp8: 9c59270c3fd7afecdb556c50c9e8de78 -> 
  custom:audio-decoder-ogg-vorbis: bf7c407c2cedff20999df2af8eb42d56 -> 
  custom:audio-encoder-webm-vorbis: bf7c407c2cedff20999df2af8eb42d56 -> 
========================================================================
Received Import Request.
  Time since last request: 37.797259 seconds.
  path: Assets/Scripts/ai/BoxBoiBehaviour.cs
  artifactKey: Guid(df405aa9c6596644894f65addcffb183) Importer(815301076,1909f56bfc062723c751e8b465ee728b)
Start importing Assets/Scripts/ai/BoxBoiBehaviour.cs using Guid(df405aa9c6596644894f65addcffb183) Importer(815301076,1909f56bfc062723c751e8b465ee728b)  -> (artifact id: '36fc9aba0a5b2153165e465acf5a3c08') in 0.007511 seconds 
  Import took 0.012486 seconds .

========================================================================
Received Import Request.
  Time since last request: 2.550538 seconds.
  path: Assets/Scripts/ai/BoxBoiBehaviour.cs
  artifactKey: Guid(df405aa9c6596644894f65addcffb183) Importer(815301076,1909f56bfc062723c751e8b465ee728b)
Start importing Assets/Scripts/ai/BoxBoiBehaviour.cs using Guid(df405aa9c6596644894f65addcffb183) Importer(815301076,1909f56bfc062723c751e8b465ee728b)  -> (artifact id: '36fc9aba0a5b2153165e465acf5a3c08') in 0.002685 seconds 
  Import took 0.005713 seconds .

========================================================================
Received Prepare
Registering precompiled user dll's ...
Registered in 0.005513 seconds.
Begin MonoManager ReloadAssembly
Native extension for WindowsStandalone target not found
Refreshing native plugins compatible for Editor in 0.44 ms, found 2 plugins.
Preloading 0 native plugins for Editor in 0.00 ms.
Mono: successfully reloaded assembly
- Completed reload, in  1.197 seconds
Domain Reload Profiling:
	ReloadAssembly (1197ms)
		BeginReloadAssembly (132ms)
			ExecutionOrderSort (0ms)
			DisableScriptedObjects (5ms)
			BackupInstance (0ms)
			ReleaseScriptingObjects (0ms)
			CreateAndSetChildDomain (38ms)
		EndReloadAssembly (984ms)
			LoadAssemblies (119ms)
			RebuildTransferFunctionScriptingTraits (0ms)
			SetupTypeCache (347ms)
			ReleaseScriptCaches (1ms)
			RebuildScriptCaches (45ms)
			SetupLoadedEditorAssemblies (358ms)
				LogAssemblyErrors (0ms)
				InitializePlatformSupportModulesInManaged (7ms)
				SetLoadedEditorAssemblies (1ms)
				RefreshPlugins (1ms)
				BeforeProcessingInitializeOnLoad (66ms)
				ProcessInitializeOnLoadAttributes (269ms)
				ProcessInitializeOnLoadMethodAttributes (10ms)
				AfterProcessingInitializeOnLoad (5ms)
				EditorAssembliesLoaded (0ms)
			ExecutionOrderSort2 (0ms)
			AwakeInstancesAfterBackupRestoration (8ms)
Platform modules already initialized, skipping
Refreshing native plugins compatible for Editor in 0.88 ms, found 2 plugins.
Preloading 0 native plugins for Editor in 0.00 ms.
Unloading 1543 Unused Serialized files (Serialized files now loaded: 0)
System memory in use before: 83.0 MB.
System memory in use after: 83.1 MB.

Unloading 14 unused Assets to reduce memory usage. Loaded Objects now: 2018.
Total: 5.531900 ms (FindLiveObjects: 0.301600 ms CreateObjectMapping: 0.126800 ms MarkObjects: 5.070900 ms  DeleteObjects: 0.030900 ms)

AssetImportParameters requested are different than current active one (requested -> active):
  custom:framework-win-MediaFoundation: 216162199b28c13a410421893ffa2e32 -> 
  custom:video-decoder-ogg-theora: a1e56fd34408186e4bbccfd4996cb3dc -> 
  custom:container-muxer-webm: aa71ff27fc2769a1b78a27578f13a17b -> 
  custom:container-demuxer-webm: 4f35f7cbe854078d1ac9338744f61a02 -> 
  custom:container-demuxer-ogg: 62fdf1f143b41e24485cea50d1cbac27 -> 
  custom:video-encoder-webm-vp8: eb34c28f22e8b96e1ab97ce403110664 -> 
  custom:video-decoder-webm-vp8: 9c59270c3fd7afecdb556c50c9e8de78 -> 
  custom:audio-decoder-ogg-vorbis: bf7c407c2cedff20999df2af8eb42d56 -> 
  custom:audio-encoder-webm-vorbis: bf7c407c2cedff20999df2af8eb42d56 -> 
========================================================================
Received Import Request.
  Time since last request: 613.291418 seconds.
  path: Assets/Scripts/ai/BoxBoiBehaviour.cs
  artifactKey: Guid(df405aa9c6596644894f65addcffb183) Importer(815301076,1909f56bfc062723c751e8b465ee728b)
Start importing Assets/Scripts/ai/BoxBoiBehaviour.cs using Guid(df405aa9c6596644894f65addcffb183) Importer(815301076,1909f56bfc062723c751e8b465ee728b)  -> (artifact id: '658126c0c28b5bc3cdeaf08fda8fcde7') in 0.007525 seconds 
  Import took 0.011372 seconds .

========================================================================
Received Prepare
Registering precompiled user dll's ...
Registered in 0.006281 seconds.
Begin MonoManager ReloadAssembly
Native extension for WindowsStandalone target not found
Refreshing native plugins compatible for Editor in 0.35 ms, found 2 plugins.
Preloading 0 native plugins for Editor in 0.00 ms.
Mono: successfully reloaded assembly
- Completed reload, in  0.848 seconds
Domain Reload Profiling:
	ReloadAssembly (848ms)
		BeginReloadAssembly (96ms)
			ExecutionOrderSort (0ms)
			DisableScriptedObjects (4ms)
			BackupInstance (0ms)
			ReleaseScriptingObjects (0ms)
			CreateAndSetChildDomain (28ms)
		EndReloadAssembly (696ms)
			LoadAssemblies (82ms)
			RebuildTransferFunctionScriptingTraits (0ms)
			SetupTypeCache (257ms)
			ReleaseScriptCaches (1ms)
			RebuildScriptCaches (34ms)
			SetupLoadedEditorAssemblies (239ms)
				LogAssemblyErrors (0ms)
				InitializePlatformSupportModulesInManaged (4ms)
				SetLoadedEditorAssemblies (0ms)
				RefreshPlugins (0ms)
				BeforeProcessingInitializeOnLoad (42ms)
				ProcessInitializeOnLoadAttributes (180ms)
				ProcessInitializeOnLoadMethodAttributes (8ms)
				AfterProcessingInitializeOnLoad (4ms)
				EditorAssembliesLoaded (0ms)
			ExecutionOrderSort2 (0ms)
			AwakeInstancesAfterBackupRestoration (6ms)
Platform modules already initialized, skipping
Refreshing native plugins compatible for Editor in 0.61 ms, found 2 plugins.
Preloading 0 native plugins for Editor in 0.00 ms.
Unloading 1543 Unused Serialized files (Serialized files now loaded: 0)
System memory in use before: 83.0 MB.
System memory in use after: 83.1 MB.

Unloading 14 unused Assets to reduce memory usage. Loaded Objects now: 2020.
Total: 3.973900 ms (FindLiveObjects: 0.278800 ms CreateObjectMapping: 0.086300 ms MarkObjects: 3.585200 ms  DeleteObjects: 0.022300 ms)

AssetImportParameters requested are different than current active one (requested -> active):
  custom:framework-win-MediaFoundation: 216162199b28c13a410421893ffa2e32 -> 
  custom:video-decoder-ogg-theora: a1e56fd34408186e4bbccfd4996cb3dc -> 
  custom:container-muxer-webm: aa71ff27fc2769a1b78a27578f13a17b -> 
  custom:container-demuxer-webm: 4f35f7cbe854078d1ac9338744f61a02 -> 
  custom:container-demuxer-ogg: 62fdf1f143b41e24485cea50d1cbac27 -> 
  custom:video-encoder-webm-vp8: eb34c28f22e8b96e1ab97ce403110664 -> 
  custom:video-decoder-webm-vp8: 9c59270c3fd7afecdb556c50c9e8de78 -> 
  custom:audio-decoder-ogg-vorbis: bf7c407c2cedff20999df2af8eb42d56 -> 
  custom:audio-encoder-webm-vorbis: bf7c407c2cedff20999df2af8eb42d56 -> 
========================================================================
Received Import Request.
  Time since last request: 213.085026 seconds.
  path: Assets/Scripts/ai/BoxBoiBehaviour.cs
  artifactKey: Guid(df405aa9c6596644894f65addcffb183) Importer(815301076,1909f56bfc062723c751e8b465ee728b)
Start importing Assets/Scripts/ai/BoxBoiBehaviour.cs using Guid(df405aa9c6596644894f65addcffb183) Importer(815301076,1909f56bfc062723c751e8b465ee728b)  -> (artifact id: '85b46c43c316980841859134ecc5d42d') in 0.005241 seconds 
  Import took 0.008106 seconds .

========================================================================
Received Prepare
Registering precompiled user dll's ...
Registered in 0.004119 seconds.
Begin MonoManager ReloadAssembly
Native extension for WindowsStandalone target not found
Refreshing native plugins compatible for Editor in 0.33 ms, found 2 plugins.
Preloading 0 native plugins for Editor in 0.00 ms.
Mono: successfully reloaded assembly
- Completed reload, in  0.849 seconds
Domain Reload Profiling:
	ReloadAssembly (850ms)
		BeginReloadAssembly (95ms)
			ExecutionOrderSort (0ms)
			DisableScriptedObjects (4ms)
			BackupInstance (0ms)
			ReleaseScriptingObjects (0ms)
			CreateAndSetChildDomain (28ms)
		EndReloadAssembly (700ms)
			LoadAssemblies (82ms)
			RebuildTransferFunctionScriptingTraits (0ms)
			SetupTypeCache (248ms)
			ReleaseScriptCaches (1ms)
			RebuildScriptCaches (35ms)
			SetupLoadedEditorAssemblies (252ms)
				LogAssemblyErrors (0ms)
				InitializePlatformSupportModulesInManaged (4ms)
				SetLoadedEditorAssemblies (0ms)
				RefreshPlugins (0ms)
				BeforeProcessingInitializeOnLoad (43ms)
				ProcessInitializeOnLoadAttributes (191ms)
				ProcessInitializeOnLoadMethodAttributes (8ms)
				AfterProcessingInitializeOnLoad (4ms)
				EditorAssembliesLoaded (0ms)
			ExecutionOrderSort2 (0ms)
			AwakeInstancesAfterBackupRestoration (6ms)
Platform modules already initialized, skipping
Refreshing native plugins compatible for Editor in 0.40 ms, found 2 plugins.
Preloading 0 native plugins for Editor in 0.00 ms.
Unloading 1543 Unused Serialized files (Serialized files now loaded: 0)
System memory in use before: 83.0 MB.
System memory in use after: 83.1 MB.

Unloading 14 unused Assets to reduce memory usage. Loaded Objects now: 2022.
Total: 4.089200 ms (FindLiveObjects: 0.283400 ms CreateObjectMapping: 0.099000 ms MarkObjects: 3.678800 ms  DeleteObjects: 0.026500 ms)

AssetImportParameters requested are different than current active one (requested -> active):
  custom:framework-win-MediaFoundation: 216162199b28c13a410421893ffa2e32 -> 
  custom:video-decoder-ogg-theora: a1e56fd34408186e4bbccfd4996cb3dc -> 
  custom:container-muxer-webm: aa71ff27fc2769a1b78a27578f13a17b -> 
  custom:container-demuxer-webm: 4f35f7cbe854078d1ac9338744f61a02 -> 
  custom:container-demuxer-ogg: 62fdf1f143b41e24485cea50d1cbac27 -> 
  custom:video-encoder-webm-vp8: eb34c28f22e8b96e1ab97ce403110664 -> 
  custom:video-decoder-webm-vp8: 9c59270c3fd7afecdb556c50c9e8de78 -> 
  custom:audio-decoder-ogg-vorbis: bf7c407c2cedff20999df2af8eb42d56 -> 
  custom:audio-encoder-webm-vorbis: bf7c407c2cedff20999df2af8eb42d56 -> 
========================================================================
Received Prepare
Registering precompiled user dll's ...
Registered in 0.004014 seconds.
Begin MonoManager ReloadAssembly
Native extension for WindowsStandalone target not found
Refreshing native plugins compatible for Editor in 0.68 ms, found 2 plugins.
Preloading 0 native plugins for Editor in 0.00 ms.
Mono: successfully reloaded assembly
- Completed reload, in  1.039 seconds
Domain Reload Profiling:
	ReloadAssembly (1040ms)
		BeginReloadAssembly (99ms)
			ExecutionOrderSort (0ms)
			DisableScriptedObjects (4ms)
			BackupInstance (0ms)
			ReleaseScriptingObjects (0ms)
			CreateAndSetChildDomain (26ms)
		EndReloadAssembly (885ms)
			LoadAssemblies (82ms)
			RebuildTransferFunctionScriptingTraits (0ms)
			SetupTypeCache (340ms)
			ReleaseScriptCaches (1ms)
			RebuildScriptCaches (40ms)
			SetupLoadedEditorAssemblies (324ms)
				LogAssemblyErrors (0ms)
				InitializePlatformSupportModulesInManaged (9ms)
				SetLoadedEditorAssemblies (1ms)
				RefreshPlugins (1ms)
				BeforeProcessingInitializeOnLoad (77ms)
				ProcessInitializeOnLoadAttributes (225ms)
				ProcessInitializeOnLoadMethodAttributes (8ms)
				AfterProcessingInitializeOnLoad (4ms)
				EditorAssembliesLoaded (0ms)
			ExecutionOrderSort2 (0ms)
			AwakeInstancesAfterBackupRestoration (6ms)
Platform modules already initialized, skipping
Refreshing native plugins compatible for Editor in 0.35 ms, found 2 plugins.
Preloading 0 native plugins for Editor in 0.00 ms.
Unloading 1543 Unused Serialized files (Serialized files now loaded: 0)
System memory in use before: 83.0 MB.
System memory in use after: 83.1 MB.

Unloading 14 unused Assets to reduce memory usage. Loaded Objects now: 2024.
Total: 4.451800 ms (FindLiveObjects: 0.508600 ms CreateObjectMapping: 0.153000 ms MarkObjects: 3.764900 ms  DeleteObjects: 0.022500 ms)

AssetImportParameters requested are different than current active one (requested -> active):
  custom:framework-win-MediaFoundation: 216162199b28c13a410421893ffa2e32 -> 
  custom:video-decoder-ogg-theora: a1e56fd34408186e4bbccfd4996cb3dc -> 
  custom:container-muxer-webm: aa71ff27fc2769a1b78a27578f13a17b -> 
  custom:container-demuxer-webm: 4f35f7cbe854078d1ac9338744f61a02 -> 
  custom:container-demuxer-ogg: 62fdf1f143b41e24485cea50d1cbac27 -> 
  custom:video-encoder-webm-vp8: eb34c28f22e8b96e1ab97ce403110664 -> 
  custom:video-decoder-webm-vp8: 9c59270c3fd7afecdb556c50c9e8de78 -> 
  custom:audio-decoder-ogg-vorbis: bf7c407c2cedff20999df2af8eb42d56 -> 
  custom:audio-encoder-webm-vorbis: bf7c407c2cedff20999df2af8eb42d56 -> 
=======
  path: Assets/TextMesh Pro/Examples & Extras/Scripts/VertexZoom.cs
  artifactKey: Guid(52ec835d14bd486f900952b77698b7eb) Importer(815301076,1909f56bfc062723c751e8b465ee728b)
Start importing Assets/TextMesh Pro/Examples & Extras/Scripts/VertexZoom.cs using Guid(52ec835d14bd486f900952b77698b7eb) Importer(815301076,1909f56bfc062723c751e8b465ee728b)  -> (artifact id: 'cdf6bf619349739f8c544a1dad8f8805') in 0.048063 seconds 
  Import took 0.053770 seconds .

========================================================================
Received Import Request.
  Time since last request: 0.013140 seconds.
  path: Assets/TextMesh Pro/Fonts/LiberationSans.ttf
  artifactKey: Guid(e3265ab4bf004d28a9537516768c1c75) Importer(815301076,1909f56bfc062723c751e8b465ee728b)
Start importing Assets/TextMesh Pro/Fonts/LiberationSans.ttf using Guid(e3265ab4bf004d28a9537516768c1c75) Importer(815301076,1909f56bfc062723c751e8b465ee728b)  -> (artifact id: 'bdddd331c3f1b7826858a8d92db67e39') in 0.242097 seconds 
  Import took 0.247933 seconds .

========================================================================
Received Import Request.
  Time since last request: 0.009511 seconds.
  path: Assets/Resources/Animation/M191_animation/idle_M1911_animation.anim
  artifactKey: Guid(1d58757d2d743a74e84b5bad881b9dea) Importer(815301076,1909f56bfc062723c751e8b465ee728b)
Start importing Assets/Resources/Animation/M191_animation/idle_M1911_animation.anim using Guid(1d58757d2d743a74e84b5bad881b9dea) Importer(815301076,1909f56bfc062723c751e8b465ee728b)  -> (artifact id: 'a20e48cc23d94fafdfadd3fbf348925c') in 0.016446 seconds 
  Import took 0.023092 seconds .

========================================================================
Received Import Request.
  Time since last request: 0.007859 seconds.
  path: Assets/AssetStoreOriginals/Machine Pistol/Models/MachinePistol.FBX
  artifactKey: Guid(5f4dfa008a639ed44a089ab3cfb63176) Importer(815301076,1909f56bfc062723c751e8b465ee728b)
Start importing Assets/AssetStoreOriginals/Machine Pistol/Models/MachinePistol.FBX using Guid(5f4dfa008a639ed44a089ab3cfb63176) Importer(815301076,1909f56bfc062723c751e8b465ee728b)  -> (artifact id: 'cf9961b97f34c97e3b4373e2da4b9869') in 0.199182 seconds 
  Import took 0.204492 seconds .

========================================================================
Received Import Request.
  Time since last request: 0.011561 seconds.
  path: Assets/TextMesh Pro/Examples & Extras/Scripts/Benchmark01.cs
  artifactKey: Guid(f970ea55f9f84bf79b05dab180b8c125) Importer(815301076,1909f56bfc062723c751e8b465ee728b)
Start importing Assets/TextMesh Pro/Examples & Extras/Scripts/Benchmark01.cs using Guid(f970ea55f9f84bf79b05dab180b8c125) Importer(815301076,1909f56bfc062723c751e8b465ee728b)  -> (artifact id: 'e699ea36bae1db8e234bcfc5dec795e8') in 0.005156 seconds 
  Import took 0.009442 seconds .

========================================================================
Received Import Request.
  Time since last request: 0.007891 seconds.
  path: Assets/TextMesh Pro/Examples & Extras/Scripts/DropdownSample.cs
  artifactKey: Guid(ac1eb05af6d391b4eb0f4c070a99f1d0) Importer(815301076,1909f56bfc062723c751e8b465ee728b)
Start importing Assets/TextMesh Pro/Examples & Extras/Scripts/DropdownSample.cs using Guid(ac1eb05af6d391b4eb0f4c070a99f1d0) Importer(815301076,1909f56bfc062723c751e8b465ee728b)  -> (artifact id: 'bed85738fdbabb7c1d530c54ea4a7ec6') in 0.005721 seconds 
  Import took 0.009992 seconds .

========================================================================
Received Import Request.
  Time since last request: 0.006113 seconds.
  path: Assets/AssetStoreOriginals/_SNAPS_PrototypingAssets/Scripts/Editor/PackageChecker/PackageChecker.cs
  artifactKey: Guid(e5db311af2de23b4c867513437ed45a4) Importer(815301076,1909f56bfc062723c751e8b465ee728b)
Start importing Assets/AssetStoreOriginals/_SNAPS_PrototypingAssets/Scripts/Editor/PackageChecker/PackageChecker.cs using Guid(e5db311af2de23b4c867513437ed45a4) Importer(815301076,1909f56bfc062723c751e8b465ee728b)  -> (artifact id: '8741f015c747e4d3b6c61381e10974de') in 0.005466 seconds 
  Import took 0.009791 seconds .

========================================================================
Received Import Request.
  Time since last request: 0.008464 seconds.
  path: Assets/TextMesh Pro/Examples & Extras/Scripts/ShaderPropAnimator.cs
  artifactKey: Guid(2787a46a4dc848c1b4b7b9307b614bfd) Importer(815301076,1909f56bfc062723c751e8b465ee728b)
Start importing Assets/TextMesh Pro/Examples & Extras/Scripts/ShaderPropAnimator.cs using Guid(2787a46a4dc848c1b4b7b9307b614bfd) Importer(815301076,1909f56bfc062723c751e8b465ee728b)  -> (artifact id: '8bd8531c42380c24d0f63a0004d5f033') in 0.005615 seconds 
  Import took 0.009990 seconds .

========================================================================
Received Import Request.
  Time since last request: 0.007522 seconds.
  path: Assets/Resources/Animation/Switching_animation/switch_animation.anim
  artifactKey: Guid(89feac7438b291e49b87e69f7ef5585d) Importer(815301076,1909f56bfc062723c751e8b465ee728b)
Start importing Assets/Resources/Animation/Switching_animation/switch_animation.anim using Guid(89feac7438b291e49b87e69f7ef5585d) Importer(815301076,1909f56bfc062723c751e8b465ee728b)  -> (artifact id: '411547502405d36d8e0cb5c26e300280') in 0.006759 seconds 
  Import took 0.011207 seconds .

========================================================================
Received Import Request.
  Time since last request: 0.008547 seconds.
  path: Assets/TextMesh Pro/Examples & Extras/Scripts/VertexShakeB.cs
  artifactKey: Guid(e4e0d9ccee5f4950be8979268c9014e0) Importer(815301076,1909f56bfc062723c751e8b465ee728b)
Start importing Assets/TextMesh Pro/Examples & Extras/Scripts/VertexShakeB.cs using Guid(e4e0d9ccee5f4950be8979268c9014e0) Importer(815301076,1909f56bfc062723c751e8b465ee728b)  -> (artifact id: '885bb8f0c08bff0852d1e5ebc3f8a3b3') in 0.005219 seconds 
  Import took 0.009302 seconds .

========================================================================
Received Import Request.
  Time since last request: 0.007971 seconds.
  path: Assets/Scripts/PlayerRelated/PlayerScript.cs
  artifactKey: Guid(6842bb546856cb64fb94e91b720730bf) Importer(815301076,1909f56bfc062723c751e8b465ee728b)
Start importing Assets/Scripts/PlayerRelated/PlayerScript.cs using Guid(6842bb546856cb64fb94e91b720730bf) Importer(815301076,1909f56bfc062723c751e8b465ee728b)  -> (artifact id: '98677cd439ef05c26089d423f0ff35d7') in 0.005228 seconds 
  Import took 0.009679 seconds .

========================================================================
Received Import Request.
  Time since last request: 0.005731 seconds.
  path: Assets/AssetStoreOriginals/Machine Pistol/Materials/MachinePistol.mat
  artifactKey: Guid(64d6b7355f7ab5a438edaad8360b747a) Importer(815301076,1909f56bfc062723c751e8b465ee728b)
Start importing Assets/AssetStoreOriginals/Machine Pistol/Materials/MachinePistol.mat using Guid(64d6b7355f7ab5a438edaad8360b747a) Importer(815301076,1909f56bfc062723c751e8b465ee728b)  -> (artifact id: '66cdd912c2b23ea3586a1e8a22ac1c65') in 0.032918 seconds 
  Import took 0.037122 seconds .

========================================================================
Received Import Request.
  Time since last request: 0.007205 seconds.
  path: Assets/Resources/Materials/Dev256Big.jpg
  artifactKey: Guid(aebde8ac71fb82241889d22497fc1555) Importer(815301076,1909f56bfc062723c751e8b465ee728b)
Start importing Assets/Resources/Materials/Dev256Big.jpg using Guid(aebde8ac71fb82241889d22497fc1555) Importer(815301076,1909f56bfc062723c751e8b465ee728b)  -> (artifact id: '9112c2523a8c75fccf7ab00c3f6d8908') in 0.047294 seconds 
  Import took 0.051690 seconds .

========================================================================
Received Import Request.
  Time since last request: 0.009961 seconds.
  path: Assets/Scripts/UI/UIController.cs
  artifactKey: Guid(1699fd51ab5cd3a42bf7613dac930a25) Importer(815301076,1909f56bfc062723c751e8b465ee728b)
Start importing Assets/Scripts/UI/UIController.cs using Guid(1699fd51ab5cd3a42bf7613dac930a25) Importer(815301076,1909f56bfc062723c751e8b465ee728b)  -> (artifact id: '7058fb92b289bb21e1284df5a56a888a') in 0.005764 seconds 
  Import took 0.009962 seconds .

========================================================================
Received Import Request.
  Time since last request: 0.007522 seconds.
  path: Assets/Scripts/ScriptableObjects/M1911_GunScriptable.asset
  artifactKey: Guid(dcf8e79f627e32d4caca61fddd272188) Importer(815301076,1909f56bfc062723c751e8b465ee728b)
Start importing Assets/Scripts/ScriptableObjects/M1911_GunScriptable.asset using Guid(dcf8e79f627e32d4caca61fddd272188) Importer(815301076,1909f56bfc062723c751e8b465ee728b)  -> (artifact id: 'de4e43c55ca2b2acded053d2b0c763e5') in 0.008648 seconds 
  Import took 0.015263 seconds .

========================================================================
Received Import Request.
  Time since last request: 0.007429 seconds.
  path: Assets/Scripts/UI/boxcollider_text.cs
  artifactKey: Guid(e4622b1bbe2ccbf43a9657d9a90e03aa) Importer(815301076,1909f56bfc062723c751e8b465ee728b)
Start importing Assets/Scripts/UI/boxcollider_text.cs using Guid(e4622b1bbe2ccbf43a9657d9a90e03aa) Importer(815301076,1909f56bfc062723c751e8b465ee728b)  -> (artifact id: '8cc0fd8bfc8a14ebc31d74635a6e2eb7') in 0.005318 seconds 
  Import took 0.009768 seconds .

========================================================================
Received Import Request.
  Time since last request: 0.008729 seconds.
  path: Assets/TextMesh Pro/Examples & Extras/Scripts/TMP_TextInfoDebugTool.cs
  artifactKey: Guid(21256c5b62f346f18640dad779911e20) Importer(815301076,1909f56bfc062723c751e8b465ee728b)
Start importing Assets/TextMesh Pro/Examples & Extras/Scripts/TMP_TextInfoDebugTool.cs using Guid(21256c5b62f346f18640dad779911e20) Importer(815301076,1909f56bfc062723c751e8b465ee728b)  -> (artifact id: 'c3320e7929150ba681b60750367999f1') in 0.005386 seconds 
  Import took 0.009428 seconds .

========================================================================
Received Import Request.
  Time since last request: 0.007590 seconds.
  path: Assets/TextMesh Pro/Examples & Extras/Scripts/EnvMapAnimator.cs
  artifactKey: Guid(a4b6f99e8bc54541bbd149b014ff441c) Importer(815301076,1909f56bfc062723c751e8b465ee728b)
Start importing Assets/TextMesh Pro/Examples & Extras/Scripts/EnvMapAnimator.cs using Guid(a4b6f99e8bc54541bbd149b014ff441c) Importer(815301076,1909f56bfc062723c751e8b465ee728b)  -> (artifact id: '6bd1f1dbd6e0f76e09e1c1879996ff73') in 0.005098 seconds 
  Import took 0.009582 seconds .

========================================================================
Received Import Request.
  Time since last request: 0.007760 seconds.
  path: Assets/Scripts/DoorEtDisquette/DisquetteScript.cs
  artifactKey: Guid(ac5f148aea0abe345b888e7220165be5) Importer(815301076,1909f56bfc062723c751e8b465ee728b)
Start importing Assets/Scripts/DoorEtDisquette/DisquetteScript.cs using Guid(ac5f148aea0abe345b888e7220165be5) Importer(815301076,1909f56bfc062723c751e8b465ee728b)  -> (artifact id: '3d518818c25f18bcf0597424717af881') in 0.005857 seconds 
  Import took 0.010507 seconds .

========================================================================
Received Import Request.
  Time since last request: 0.008631 seconds.
  path: Assets/TextMesh Pro/Examples & Extras/Scripts/CameraController.cs
  artifactKey: Guid(2d687537154440a3913a9a3c7977978c) Importer(815301076,1909f56bfc062723c751e8b465ee728b)
Start importing Assets/TextMesh Pro/Examples & Extras/Scripts/CameraController.cs using Guid(2d687537154440a3913a9a3c7977978c) Importer(815301076,1909f56bfc062723c751e8b465ee728b)  -> (artifact id: '1293dca49ca6c1939850b09f5f69ee37') in 0.005332 seconds 
  Import took 0.009906 seconds .

========================================================================
Received Import Request.
  Time since last request: 0.008320 seconds.
  path: Assets/TextMesh Pro/Examples & Extras/Scripts/SkewTextExample.cs
  artifactKey: Guid(d412675cfb3441efa3bf8dcd9b7624dc) Importer(815301076,1909f56bfc062723c751e8b465ee728b)
Start importing Assets/TextMesh Pro/Examples & Extras/Scripts/SkewTextExample.cs using Guid(d412675cfb3441efa3bf8dcd9b7624dc) Importer(815301076,1909f56bfc062723c751e8b465ee728b)  -> (artifact id: 'b782acdcc5740cb22f2fd5f3d829734b') in 0.005389 seconds 
  Import took 0.009511 seconds .

========================================================================
Received Import Request.
  Time since last request: 0.007293 seconds.
  path: Assets/Scripts/ScriptableObjects/Test_M1911.asset
  artifactKey: Guid(4c3ee47e0be945a4894cbbce623f0943) Importer(815301076,1909f56bfc062723c751e8b465ee728b)
Start importing Assets/Scripts/ScriptableObjects/Test_M1911.asset using Guid(4c3ee47e0be945a4894cbbce623f0943) Importer(815301076,1909f56bfc062723c751e8b465ee728b)  -> (artifact id: '0354389a221fe3001ca958ea5d809340') in 0.006121 seconds 
  Import took 0.010626 seconds .

========================================================================
Received Import Request.
  Time since last request: 0.007915 seconds.
  path: Assets/Scripts/PlayerRelated/GunController.cs
  artifactKey: Guid(f6fa40ba6be12cd48b36d73c6ebfecf9) Importer(815301076,1909f56bfc062723c751e8b465ee728b)
Start importing Assets/Scripts/PlayerRelated/GunController.cs using Guid(f6fa40ba6be12cd48b36d73c6ebfecf9) Importer(815301076,1909f56bfc062723c751e8b465ee728b)  -> (artifact id: 'c1b1ec2d9f3760bb0c8b2b3e094c9dd0') in 0.005401 seconds 
  Import took 0.009539 seconds .

========================================================================
Received Import Request.
  Time since last request: 0.007764 seconds.
  path: Assets/TextMesh Pro/Examples & Extras/Scripts/TeleType.cs
  artifactKey: Guid(e32c266ee6204b21a427753cb0694c81) Importer(815301076,1909f56bfc062723c751e8b465ee728b)
Start importing Assets/TextMesh Pro/Examples & Extras/Scripts/TeleType.cs using Guid(e32c266ee6204b21a427753cb0694c81) Importer(815301076,1909f56bfc062723c751e8b465ee728b)  -> (artifact id: '1a3a421645fecc518dc1b53f528eb3f5') in 0.005376 seconds 
  Import took 0.009561 seconds .

========================================================================
Received Import Request.
  Time since last request: 0.008263 seconds.
  path: Assets/TextMesh Pro/Examples & Extras/Scripts/TMP_DigitValidator.cs
  artifactKey: Guid(1a7eb92a01ed499a987bde9def05fbce) Importer(815301076,1909f56bfc062723c751e8b465ee728b)
Start importing Assets/TextMesh Pro/Examples & Extras/Scripts/TMP_DigitValidator.cs using Guid(1a7eb92a01ed499a987bde9def05fbce) Importer(815301076,1909f56bfc062723c751e8b465ee728b)  -> (artifact id: '0d31bf171c5365552f4a91bd95634109') in 0.006006 seconds 
  Import took 0.010235 seconds .

========================================================================
Received Import Request.
  Time since last request: 0.007588 seconds.
  path: Assets/Resources/Materials/Concretefloor004b_mp4_vtf.png
  artifactKey: Guid(1dfc387f764692e4fac7116bb22786ee) Importer(815301076,1909f56bfc062723c751e8b465ee728b)
Start importing Assets/Resources/Materials/Concretefloor004b_mp4_vtf.png using Guid(1dfc387f764692e4fac7116bb22786ee) Importer(815301076,1909f56bfc062723c751e8b465ee728b)  -> (artifact id: 'c6576aef768b4387349685700d001161') in 0.018059 seconds 
  Import took 0.022395 seconds .

========================================================================
Received Import Request.
  Time since last request: 0.009289 seconds.
  path: Assets/Scripts/GameBackScript/MovementButtons.cs
  artifactKey: Guid(5edd110ce8006534d8315163c7374ee8) Importer(815301076,1909f56bfc062723c751e8b465ee728b)
Start importing Assets/Scripts/GameBackScript/MovementButtons.cs using Guid(5edd110ce8006534d8315163c7374ee8) Importer(815301076,1909f56bfc062723c751e8b465ee728b)  -> (artifact id: 'e6e3f0b80bb2e786e03ad5f8d5b90845') in 0.005701 seconds 
  Import took 0.009924 seconds .

========================================================================
Received Import Request.
  Time since last request: 0.008042 seconds.
  path: Assets/TextMesh Pro/Examples & Extras/Scripts/TMP_ExampleScript_01.cs
  artifactKey: Guid(6f2c5b59b6874405865e2616e4ec276a) Importer(815301076,1909f56bfc062723c751e8b465ee728b)
Start importing Assets/TextMesh Pro/Examples & Extras/Scripts/TMP_ExampleScript_01.cs using Guid(6f2c5b59b6874405865e2616e4ec276a) Importer(815301076,1909f56bfc062723c751e8b465ee728b)  -> (artifact id: 'c49bba7f7307fa047ffa36baa8d2f706') in 0.005143 seconds 
  Import took 0.009547 seconds .

========================================================================
Received Import Request.
  Time since last request: 0.007436 seconds.
  path: Assets/TextMesh Pro/Resources/Fonts & Materials/LiberationSans SDF - Fallback.asset
  artifactKey: Guid(2e498d1c8094910479dc3e1b768306a4) Importer(815301076,1909f56bfc062723c751e8b465ee728b)
Start importing Assets/TextMesh Pro/Resources/Fonts & Materials/LiberationSans SDF - Fallback.asset using Guid(2e498d1c8094910479dc3e1b768306a4) Importer(815301076,1909f56bfc062723c751e8b465ee728b)  -> (artifact id: 'b8c2210586957436df79bf961aeff06e') in 0.050296 seconds 
  Import took 0.054659 seconds .

========================================================================
Received Import Request.
  Time since last request: 0.009720 seconds.
  path: Assets/TextMesh Pro/Examples & Extras/Scripts/TMP_PhoneNumberValidator.cs
  artifactKey: Guid(83680ab1a69f4102ac67d1459fe76e1f) Importer(815301076,1909f56bfc062723c751e8b465ee728b)
Start importing Assets/TextMesh Pro/Examples & Extras/Scripts/TMP_PhoneNumberValidator.cs using Guid(83680ab1a69f4102ac67d1459fe76e1f) Importer(815301076,1909f56bfc062723c751e8b465ee728b)  -> (artifact id: '7ce085e0f0485ba1c93e8b01e769fdb0') in 0.006248 seconds 
  Import took 0.010646 seconds .

========================================================================
Received Import Request.
  Time since last request: 0.007144 seconds.
  path: Assets/AssetStoreOriginals/Machine Pistol/Textures/MachinePistol.psd
  artifactKey: Guid(b2b62bf78240fb34193da172049f2bab) Importer(815301076,1909f56bfc062723c751e8b465ee728b)
Start importing Assets/AssetStoreOriginals/Machine Pistol/Textures/MachinePistol.psd using Guid(b2b62bf78240fb34193da172049f2bab) Importer(815301076,1909f56bfc062723c751e8b465ee728b)  -> (artifact id: '6db3ea34b186e5a45298cf498726fdcf') in 0.023627 seconds 
  Import took 0.028090 seconds .

========================================================================
Received Import Request.
  Time since last request: 0.007611 seconds.
  path: Assets/Resources/Images/dessin_disc_svg.png
  artifactKey: Guid(f9edb80f29d19e64ca8042f9aae880c5) Importer(815301076,1909f56bfc062723c751e8b465ee728b)
Start importing Assets/Resources/Images/dessin_disc_svg.png using Guid(f9edb80f29d19e64ca8042f9aae880c5) Importer(815301076,1909f56bfc062723c751e8b465ee728b)  -> (artifact id: '9d109bc9252d5be14cb915f6dbc66810') in 0.061218 seconds 
  Import took 0.066383 seconds .

========================================================================
Received Import Request.
  Time since last request: 0.009197 seconds.
  path: Assets/TextMesh Pro/Examples & Extras/Scripts/TMP_FrameRateCounter.cs
  artifactKey: Guid(686ec78b56aa445795335fbadafcfaa4) Importer(815301076,1909f56bfc062723c751e8b465ee728b)
Start importing Assets/TextMesh Pro/Examples & Extras/Scripts/TMP_FrameRateCounter.cs using Guid(686ec78b56aa445795335fbadafcfaa4) Importer(815301076,1909f56bfc062723c751e8b465ee728b)  -> (artifact id: '930d9c852221da6d28e8143cf25e0f38') in 0.005473 seconds 
  Import took 0.009811 seconds .

========================================================================
Received Import Request.
  Time since last request: 0.006687 seconds.
  path: Assets/TextMesh Pro/Examples & Extras/Scripts/ChatController.cs
  artifactKey: Guid(53d91f98a2664f5cb9af11de72ac54ec) Importer(815301076,1909f56bfc062723c751e8b465ee728b)
Start importing Assets/TextMesh Pro/Examples & Extras/Scripts/ChatController.cs using Guid(53d91f98a2664f5cb9af11de72ac54ec) Importer(815301076,1909f56bfc062723c751e8b465ee728b)  -> (artifact id: '80831a1bed743021dc36ac88da5e52dd') in 0.006902 seconds 
  Import took 0.011916 seconds .

========================================================================
Received Import Request.
  Time since last request: 0.006825 seconds.
  path: Assets/Resources/HUD/Crosshairs/smallcrosshair7OL.png
  artifactKey: Guid(6bd0bd83b6933844791793af256c6cf0) Importer(815301076,1909f56bfc062723c751e8b465ee728b)
Start importing Assets/Resources/HUD/Crosshairs/smallcrosshair7OL.png using Guid(6bd0bd83b6933844791793af256c6cf0) Importer(815301076,1909f56bfc062723c751e8b465ee728b)  -> (artifact id: '73be90afe780e585dc78215cbaee79c2') in 0.018386 seconds 
  Import took 0.023619 seconds .

========================================================================
Received Import Request.
  Time since last request: 0.007063 seconds.
  path: Assets/Resources/Animation/Switching_animation/idle_switch_animation.anim
  artifactKey: Guid(64677ecacfa947c4a8fc8d8c518ede6b) Importer(815301076,1909f56bfc062723c751e8b465ee728b)
Start importing Assets/Resources/Animation/Switching_animation/idle_switch_animation.anim using Guid(64677ecacfa947c4a8fc8d8c518ede6b) Importer(815301076,1909f56bfc062723c751e8b465ee728b)  -> (artifact id: 'ca06176d83bbdb11a6930bbb8dd904d7') in 0.006211 seconds 
  Import took 0.010311 seconds .

========================================================================
Received Import Request.
  Time since last request: 0.006198 seconds.
  path: Assets/Resources/Materials/Materials/Concretefloor004b_mp4_vtf.mat
  artifactKey: Guid(9ae1793efce5da34a8a8e4a0525394c4) Importer(815301076,1909f56bfc062723c751e8b465ee728b)
Start importing Assets/Resources/Materials/Materials/Concretefloor004b_mp4_vtf.mat using Guid(9ae1793efce5da34a8a8e4a0525394c4) Importer(815301076,1909f56bfc062723c751e8b465ee728b)  -> (artifact id: '700b4dc7c6f13f03534f3f68aa32a7ef') in 0.017897 seconds 
  Import took 0.022370 seconds .

========================================================================
Received Import Request.
  Time since last request: 0.011868 seconds.
  path: Assets/Scripts/GameBackScript/GameEvents.cs
  artifactKey: Guid(7266df7fdcae9ed4a80833a327e6b873) Importer(815301076,1909f56bfc062723c751e8b465ee728b)
Start importing Assets/Scripts/GameBackScript/GameEvents.cs using Guid(7266df7fdcae9ed4a80833a327e6b873) Importer(815301076,1909f56bfc062723c751e8b465ee728b)  -> (artifact id: '1fec50d135721a82637155cf75372357') in 0.005741 seconds 
  Import took 0.010981 seconds .

========================================================================
Received Import Request.
  Time since last request: 0.005692 seconds.
  path: Assets/Resources/Materials/Materials/Dev256Big.mat
  artifactKey: Guid(3ec007f01a1c1d84286583078c433a49) Importer(815301076,1909f56bfc062723c751e8b465ee728b)
Start importing Assets/Resources/Materials/Materials/Dev256Big.mat using Guid(3ec007f01a1c1d84286583078c433a49) Importer(815301076,1909f56bfc062723c751e8b465ee728b)  -> (artifact id: 'fccf23125cf2c58828e6391a1cf089da') in 0.019218 seconds 
  Import took 0.023662 seconds .

========================================================================
Received Import Request.
  Time since last request: 0.008072 seconds.
  path: Assets/TextMesh Pro/Examples & Extras/Prefabs/Text Popup.prefab
  artifactKey: Guid(b06f0e6c1dfa4356ac918da1bb32c603) Importer(815301076,1909f56bfc062723c751e8b465ee728b)
Start importing Assets/TextMesh Pro/Examples & Extras/Prefabs/Text Popup.prefab using Guid(b06f0e6c1dfa4356ac918da1bb32c603) Importer(815301076,1909f56bfc062723c751e8b465ee728b)  -> (artifact id: 'f342987b4ac67915496b52096cb6a516') in 0.072027 seconds 
  Import took 0.076589 seconds .

========================================================================
Received Import Request.
  Time since last request: 0.006914 seconds.
  path: Assets/TextMesh Pro/Examples & Extras/Scripts/TMP_TextEventCheck.cs
  artifactKey: Guid(d736ce056cf444ca96e424f4d9c42b76) Importer(815301076,1909f56bfc062723c751e8b465ee728b)
Start importing Assets/TextMesh Pro/Examples & Extras/Scripts/TMP_TextEventCheck.cs using Guid(d736ce056cf444ca96e424f4d9c42b76) Importer(815301076,1909f56bfc062723c751e8b465ee728b)  -> (artifact id: 'a0d4d1426c60de403d30579ad715a398') in 0.005949 seconds 
  Import took 0.010627 seconds .

========================================================================
Received Import Request.
  Time since last request: 0.007786 seconds.
  path: Assets/TextMesh Pro/Shaders/TMP_SDF-Mobile.shader
  artifactKey: Guid(fe393ace9b354375a9cb14cdbbc28be4) Importer(815301076,1909f56bfc062723c751e8b465ee728b)
Start importing Assets/TextMesh Pro/Shaders/TMP_SDF-Mobile.shader using Guid(fe393ace9b354375a9cb14cdbbc28be4) Importer(815301076,1909f56bfc062723c751e8b465ee728b)  -> (artifact id: '30ad44eab62fdd237bb36d3db4cd5be1') in 0.007977 seconds 
  Import took 0.012187 seconds .

========================================================================
Received Import Request.
  Time since last request: 0.013585 seconds.
  path: Assets/Scripts/PlayerRelated/GunSwitching.cs
  artifactKey: Guid(c19e139f37a848e4ebc0c87ba69cdf26) Importer(815301076,1909f56bfc062723c751e8b465ee728b)
Start importing Assets/Scripts/PlayerRelated/GunSwitching.cs using Guid(c19e139f37a848e4ebc0c87ba69cdf26) Importer(815301076,1909f56bfc062723c751e8b465ee728b)  -> (artifact id: '4315402af6a6a7fa60a32c0042a467fc') in 0.006038 seconds 
  Import took 0.010502 seconds .

========================================================================
Received Import Request.
  Time since last request: 0.007278 seconds.
  path: Assets/TextMesh Pro/Examples & Extras/Scripts/TMP_UiFrameRateCounter.cs
  artifactKey: Guid(24b0dc2d1d494adbbec1f4db26b4cf83) Importer(815301076,1909f56bfc062723c751e8b465ee728b)
Start importing Assets/TextMesh Pro/Examples & Extras/Scripts/TMP_UiFrameRateCounter.cs using Guid(24b0dc2d1d494adbbec1f4db26b4cf83) Importer(815301076,1909f56bfc062723c751e8b465ee728b)  -> (artifact id: 'e10bdd1166d0bb2cf53109a69ac8b7a6') in 0.006314 seconds 
  Import took 0.010897 seconds .

========================================================================
Received Import Request.
  Time since last request: 0.007048 seconds.
  path: Assets/Scripts/UI/InteractText.cs
  artifactKey: Guid(b413cc135ac12254bb349a8461a5b111) Importer(815301076,1909f56bfc062723c751e8b465ee728b)
Start importing Assets/Scripts/UI/InteractText.cs using Guid(b413cc135ac12254bb349a8461a5b111) Importer(815301076,1909f56bfc062723c751e8b465ee728b)  -> (artifact id: 'fa374bed06471d606b11b1557d551b40') in 0.005893 seconds 
  Import took 0.010655 seconds .

========================================================================
Received Import Request.
  Time since last request: 0.015694 seconds.
  path: Assets/Scripts/GameBackScript/TimeStepMonoBehaviour.cs
  artifactKey: Guid(5c2c1ecbffb8c6247bbb44337dac0ea4) Importer(815301076,1909f56bfc062723c751e8b465ee728b)
Start importing Assets/Scripts/GameBackScript/TimeStepMonoBehaviour.cs using Guid(5c2c1ecbffb8c6247bbb44337dac0ea4) Importer(815301076,1909f56bfc062723c751e8b465ee728b)  -> (artifact id: '2853fe7caa1ef42f3be7bef9aa010490') in 0.005588 seconds 
  Import took 0.010073 seconds .

========================================================================
Received Import Request.
  Time since last request: 0.008120 seconds.
  path: Assets/Scripts/Target.cs
  artifactKey: Guid(15808ef4407197f44b69b1a908face6f) Importer(815301076,1909f56bfc062723c751e8b465ee728b)
Start importing Assets/Scripts/Target.cs using Guid(15808ef4407197f44b69b1a908face6f) Importer(815301076,1909f56bfc062723c751e8b465ee728b)  -> (artifact id: '2ccb4b7bd5529db2588db6fbc07e1ac2') in 0.005334 seconds 
  Import took 0.009527 seconds .

========================================================================
Received Import Request.
  Time since last request: 0.007087 seconds.
  path: Assets/TextMesh Pro/Examples & Extras/Scripts/TMP_TextSelector_A.cs
  artifactKey: Guid(103e0a6a1d404693b9fb1a5173e0e979) Importer(815301076,1909f56bfc062723c751e8b465ee728b)
Start importing Assets/TextMesh Pro/Examples & Extras/Scripts/TMP_TextSelector_A.cs using Guid(103e0a6a1d404693b9fb1a5173e0e979) Importer(815301076,1909f56bfc062723c751e8b465ee728b)  -> (artifact id: '315c9feb8d628630e75512b3e98f23b7') in 0.005422 seconds 
  Import took 0.009742 seconds .

========================================================================
Received Import Request.
  Time since last request: 0.006959 seconds.
  path: Assets/TextMesh Pro/Examples & Extras/Scripts/WarpTextExample.cs
  artifactKey: Guid(790744c462254b7ba8038e6ed28b3db2) Importer(815301076,1909f56bfc062723c751e8b465ee728b)
Start importing Assets/TextMesh Pro/Examples & Extras/Scripts/WarpTextExample.cs using Guid(790744c462254b7ba8038e6ed28b3db2) Importer(815301076,1909f56bfc062723c751e8b465ee728b)  -> (artifact id: '45de8ae61c22d0b24005c6d934555dde') in 0.005522 seconds 
  Import took 0.010552 seconds .

========================================================================
Received Import Request.
  Time since last request: 0.006460 seconds.
  path: Assets/Scripts/GameBackScript/TimeStep.cs
  artifactKey: Guid(6dcf7462ef68a9b42b29c94dd71250a4) Importer(815301076,1909f56bfc062723c751e8b465ee728b)
Start importing Assets/Scripts/GameBackScript/TimeStep.cs using Guid(6dcf7462ef68a9b42b29c94dd71250a4) Importer(815301076,1909f56bfc062723c751e8b465ee728b)  -> (artifact id: '4c970a8392336a1bbe5df8ffc1a1ea07') in 0.009789 seconds 
  Import took 0.015334 seconds .

========================================================================
Received Import Request.
  Time since last request: 0.007486 seconds.
  path: Assets/TextMesh Pro/Examples & Extras/Scripts/TextConsoleSimulator.cs
  artifactKey: Guid(43bcd35a1c0c40ccb6d472893fe2093f) Importer(815301076,1909f56bfc062723c751e8b465ee728b)
Start importing Assets/TextMesh Pro/Examples & Extras/Scripts/TextConsoleSimulator.cs using Guid(43bcd35a1c0c40ccb6d472893fe2093f) Importer(815301076,1909f56bfc062723c751e8b465ee728b)  -> (artifact id: '3e964eb25bf5d707143bc83381325ff9') in 0.005670 seconds 
  Import took 0.010393 seconds .

========================================================================
Received Import Request.
  Time since last request: 0.007271 seconds.
  path: Assets/Resources/Images/Disquette_png.png
  artifactKey: Guid(41f114970e47d1745bb5adb0807049b2) Importer(815301076,1909f56bfc062723c751e8b465ee728b)
Start importing Assets/Resources/Images/Disquette_png.png using Guid(41f114970e47d1745bb5adb0807049b2) Importer(815301076,1909f56bfc062723c751e8b465ee728b)  -> (artifact id: '70f9176a5de34baeaae0a5449520c2ad') in 0.025119 seconds 
  Import took 0.029912 seconds .

========================================================================
Received Import Request.
  Time since last request: 0.008421 seconds.
  path: Assets/Scripts/DoorEtDisquette/DoorOpenner.cs
  artifactKey: Guid(5d683f3e70a5dec45a8cf396989bbf50) Importer(815301076,1909f56bfc062723c751e8b465ee728b)
Start importing Assets/Scripts/DoorEtDisquette/DoorOpenner.cs using Guid(5d683f3e70a5dec45a8cf396989bbf50) Importer(815301076,1909f56bfc062723c751e8b465ee728b)  -> (artifact id: 'd22cf76713d8cf3759be01c90714de36') in 0.005383 seconds 
  Import took 0.009740 seconds .

========================================================================
Received Import Request.
  Time since last request: 0.006307 seconds.
  path: Assets/Resources/Animation/M191_animation/shooting_M1911_animation.anim
  artifactKey: Guid(d71a4e1e69d373f408f5127e4f6a0c62) Importer(815301076,1909f56bfc062723c751e8b465ee728b)
Start importing Assets/Resources/Animation/M191_animation/shooting_M1911_animation.anim using Guid(d71a4e1e69d373f408f5127e4f6a0c62) Importer(815301076,1909f56bfc062723c751e8b465ee728b)  -> (artifact id: '143e3b35afe1a4c82893103aaa750c22') in 0.007793 seconds 
  Import took 0.012778 seconds .

========================================================================
Received Import Request.
  Time since last request: 0.006622 seconds.
  path: Assets/Scripts/PlayerRelated/GunData.cs
  artifactKey: Guid(3783b51a45297074c859270cd5bafa9b) Importer(815301076,1909f56bfc062723c751e8b465ee728b)
Start importing Assets/Scripts/PlayerRelated/GunData.cs using Guid(3783b51a45297074c859270cd5bafa9b) Importer(815301076,1909f56bfc062723c751e8b465ee728b)  -> (artifact id: 'c410d7e65a64a439c7bb6915f88e9834') in 0.005503 seconds 
  Import took 0.010140 seconds .

========================================================================
Received Import Request.
  Time since last request: 0.007791 seconds.
  path: Assets/TextMesh Pro/Examples & Extras/Scripts/Benchmark01_UGUI.cs
  artifactKey: Guid(8ef7be1c625941f7ba8ed7cc71718c0d) Importer(815301076,1909f56bfc062723c751e8b465ee728b)
Start importing Assets/TextMesh Pro/Examples & Extras/Scripts/Benchmark01_UGUI.cs using Guid(8ef7be1c625941f7ba8ed7cc71718c0d) Importer(815301076,1909f56bfc062723c751e8b465ee728b)  -> (artifact id: '5859e27e4f2f2b88c6993ce2032a7a7d') in 0.005512 seconds 
  Import took 0.009579 seconds .

========================================================================
Received Import Request.
  Time since last request: 0.007545 seconds.
  path: Assets/TextMesh Pro/Examples & Extras/Scripts/TMP_TextSelector_B.cs
  artifactKey: Guid(a05dcd8be7ec4ccbb35c26219884aa37) Importer(815301076,1909f56bfc062723c751e8b465ee728b)
Start importing Assets/TextMesh Pro/Examples & Extras/Scripts/TMP_TextSelector_B.cs using Guid(a05dcd8be7ec4ccbb35c26219884aa37) Importer(815301076,1909f56bfc062723c751e8b465ee728b)  -> (artifact id: 'f0096beb2802859207d1d4c1db05483d') in 0.005593 seconds 
  Import took 0.010072 seconds .

========================================================================
Received Import Request.
  Time since last request: 0.006785 seconds.
  path: Assets/TextMesh Pro/Examples & Extras/Scripts/VertexShakeA.cs
  artifactKey: Guid(f7cfa58e417a46ea8889989684c2522e) Importer(815301076,1909f56bfc062723c751e8b465ee728b)
Start importing Assets/TextMesh Pro/Examples & Extras/Scripts/VertexShakeA.cs using Guid(f7cfa58e417a46ea8889989684c2522e) Importer(815301076,1909f56bfc062723c751e8b465ee728b)  -> (artifact id: '90258149dcabea27eb86150e58270952') in 0.005793 seconds 
  Import took 0.010012 seconds .

========================================================================
Received Import Request.
  Time since last request: 0.006600 seconds.
  path: Assets/TextMesh Pro/Examples & Extras/Scripts/Benchmark03.cs
  artifactKey: Guid(a73109742c8d47ac822895a473300c29) Importer(815301076,1909f56bfc062723c751e8b465ee728b)
Start importing Assets/TextMesh Pro/Examples & Extras/Scripts/Benchmark03.cs using Guid(a73109742c8d47ac822895a473300c29) Importer(815301076,1909f56bfc062723c751e8b465ee728b)  -> (artifact id: '1dd50e3ffdb692734c0b745db52cfe1c') in 0.005716 seconds 
  Import took 0.010020 seconds .

========================================================================
Received Import Request.
  Time since last request: 0.006577 seconds.
  path: Assets/TextMesh Pro/Examples & Extras/Scripts/TMPro_InstructionOverlay.cs
  artifactKey: Guid(c3c1afeda5e545e0b19add5373896d2e) Importer(815301076,1909f56bfc062723c751e8b465ee728b)
Start importing Assets/TextMesh Pro/Examples & Extras/Scripts/TMPro_InstructionOverlay.cs using Guid(c3c1afeda5e545e0b19add5373896d2e) Importer(815301076,1909f56bfc062723c751e8b465ee728b)  -> (artifact id: '5fb7ef90dd07ec08a574654e2e57a2d4') in 0.006701 seconds 
  Import took 0.011024 seconds .

========================================================================
Received Import Request.
  Time since last request: 0.007177 seconds.
  path: Assets/AssetStoreOriginals/Low Poly Weapons VOL.1/Gun_MAT.mat
  artifactKey: Guid(28f0b13c7e9707746b5e0b3336181560) Importer(815301076,1909f56bfc062723c751e8b465ee728b)
Start importing Assets/AssetStoreOriginals/Low Poly Weapons VOL.1/Gun_MAT.mat using Guid(28f0b13c7e9707746b5e0b3336181560) Importer(815301076,1909f56bfc062723c751e8b465ee728b)  -> (artifact id: '0540d93a7b5e9e04147cd8b19114b1ab') in 0.019139 seconds 
  Import took 0.023697 seconds .

========================================================================
Received Import Request.
  Time since last request: 0.007993 seconds.
  path: Assets/Resources/Animation/M191_animation/M1911_anim_control.controller
  artifactKey: Guid(ca713809f79fcf54ba9c3c3b77184516) Importer(815301076,1909f56bfc062723c751e8b465ee728b)
Start importing Assets/Resources/Animation/M191_animation/M1911_anim_control.controller using Guid(ca713809f79fcf54ba9c3c3b77184516) Importer(815301076,1909f56bfc062723c751e8b465ee728b)  -> (artifact id: '56e47f8c957aa05ce29944e62d49130c') in 0.016962 seconds 
  Import took 0.021397 seconds .

========================================================================
Received Import Request.
  Time since last request: 0.006490 seconds.
  path: Assets/Scripts/UI/UIDiscController.cs
  artifactKey: Guid(4ac32fa3067bd274789da3344df0fee9) Importer(815301076,1909f56bfc062723c751e8b465ee728b)
Start importing Assets/Scripts/UI/UIDiscController.cs using Guid(4ac32fa3067bd274789da3344df0fee9) Importer(815301076,1909f56bfc062723c751e8b465ee728b)  -> (artifact id: '76346331a1674a01f8135e77ad00b5a7') in 0.005838 seconds 
  Import took 0.010188 seconds .

========================================================================
Received Import Request.
  Time since last request: 0.007054 seconds.
  path: Assets/TextMesh Pro/Examples & Extras/Scripts/VertexColorCycler.cs
  artifactKey: Guid(91b8ba3d52e041fab2d0e0f169855539) Importer(815301076,1909f56bfc062723c751e8b465ee728b)
Start importing Assets/TextMesh Pro/Examples & Extras/Scripts/VertexColorCycler.cs using Guid(91b8ba3d52e041fab2d0e0f169855539) Importer(815301076,1909f56bfc062723c751e8b465ee728b)  -> (artifact id: 'dde44301e137c989292cc4d8c0d4dd17') in 0.005540 seconds 
  Import took 0.009603 seconds .

========================================================================
Received Import Request.
  Time since last request: 0.008197 seconds.
  path: Assets/TextMesh Pro/Examples & Extras/Scripts/VertexJitter.cs
  artifactKey: Guid(2ed57967c52645d390a89dcf8f61ba73) Importer(815301076,1909f56bfc062723c751e8b465ee728b)
Start importing Assets/TextMesh Pro/Examples & Extras/Scripts/VertexJitter.cs using Guid(2ed57967c52645d390a89dcf8f61ba73) Importer(815301076,1909f56bfc062723c751e8b465ee728b)  -> (artifact id: '3cec5f6d831c40ccd63d1c2c0155f78b') in 0.005312 seconds 
  Import took 0.010097 seconds .

========================================================================
Received Import Request.
  Time since last request: 0.007171 seconds.
  path: Assets/TextMesh Pro/Examples & Extras/Scripts/Benchmark04.cs
  artifactKey: Guid(dc20866c0d5e413ab7559440e15333ae) Importer(815301076,1909f56bfc062723c751e8b465ee728b)
Start importing Assets/TextMesh Pro/Examples & Extras/Scripts/Benchmark04.cs using Guid(dc20866c0d5e413ab7559440e15333ae) Importer(815301076,1909f56bfc062723c751e8b465ee728b)  -> (artifact id: '7c97b3fcd929d5e8d321650e65f67426') in 0.006314 seconds 
  Import took 0.010942 seconds .

========================================================================
Received Import Request.
  Time since last request: 0.006447 seconds.
  path: Assets/Resources/Animation/Switching_animation/switching_anim_control.controller
  artifactKey: Guid(b97398e1c3d6a2c4fa270e11bc5ca80d) Importer(815301076,1909f56bfc062723c751e8b465ee728b)
Start importing Assets/Resources/Animation/Switching_animation/switching_anim_control.controller using Guid(b97398e1c3d6a2c4fa270e11bc5ca80d) Importer(815301076,1909f56bfc062723c751e8b465ee728b)  -> (artifact id: 'b744f27392cb4b387ea12a96666e7f57') in 0.006788 seconds 
  Import took 0.011564 seconds .

========================================================================
Received Import Request.
  Time since last request: 0.019176 seconds.
  path: Assets/TextMesh Pro/Examples & Extras/Scripts/TextMeshProFloatingText.cs
  artifactKey: Guid(a4d4c76e63944cba8c7d00f56334b98c) Importer(815301076,1909f56bfc062723c751e8b465ee728b)
Start importing Assets/TextMesh Pro/Examples & Extras/Scripts/TextMeshProFloatingText.cs using Guid(a4d4c76e63944cba8c7d00f56334b98c) Importer(815301076,1909f56bfc062723c751e8b465ee728b)  -> (artifact id: '783dbe47c12da584f7a9865e461d22b5') in 0.005637 seconds 
  Import took 0.009766 seconds .

========================================================================
Received Import Request.
  Time since last request: 0.007058 seconds.
  path: Assets/TextMesh Pro/Shaders/TMPro_Properties.cginc
  artifactKey: Guid(3997e2241185407d80309a82f9148466) Importer(815301076,1909f56bfc062723c751e8b465ee728b)
Start importing Assets/TextMesh Pro/Shaders/TMPro_Properties.cginc using Guid(3997e2241185407d80309a82f9148466) Importer(815301076,1909f56bfc062723c751e8b465ee728b)  -> (artifact id: '25b87a6c906e2ff6005352074e70dba6') in 0.010942 seconds 
  Import took 0.016792 seconds .

========================================================================
Received Import Request.
  Time since last request: 0.007744 seconds.
  path: Assets/AssetStoreOriginals/Low Poly Weapons VOL.1/Textures_Guns.png
  artifactKey: Guid(6a376fb3e11ce334ca96f417cead6576) Importer(815301076,1909f56bfc062723c751e8b465ee728b)
Start importing Assets/AssetStoreOriginals/Low Poly Weapons VOL.1/Textures_Guns.png using Guid(6a376fb3e11ce334ca96f417cead6576) Importer(815301076,1909f56bfc062723c751e8b465ee728b)  -> (artifact id: '6e15e8ebfcdbc9b9d45e04f2d47292cc') in 0.014915 seconds 
  Import took 0.019326 seconds .

========================================================================
Received Import Request.
  Time since last request: 0.008536 seconds.
  path: Assets/Resources/Animation/M191_animation/reloading_M1911_animation.anim
  artifactKey: Guid(e3b778c1a1bb8c84791901f297d9d464) Importer(815301076,1909f56bfc062723c751e8b465ee728b)
Start importing Assets/Resources/Animation/M191_animation/reloading_M1911_animation.anim using Guid(e3b778c1a1bb8c84791901f297d9d464) Importer(815301076,1909f56bfc062723c751e8b465ee728b)  -> (artifact id: 'faf2aec7a1f4a7d65f76ed9b8859322e') in 0.006721 seconds 
  Import took 0.010965 seconds .

========================================================================
Received Import Request.
  Time since last request: 0.007318 seconds.
  path: Assets/TextMesh Pro/Examples & Extras/Scripts/TextMeshSpawner.cs
  artifactKey: Guid(76c11bbcfddf44e0ba17d6c2751c8d84) Importer(815301076,1909f56bfc062723c751e8b465ee728b)
Start importing Assets/TextMesh Pro/Examples & Extras/Scripts/TextMeshSpawner.cs using Guid(76c11bbcfddf44e0ba17d6c2751c8d84) Importer(815301076,1909f56bfc062723c751e8b465ee728b)  -> (artifact id: '9c9e24787e8482570a04934bdfadbff2') in 0.005756 seconds 
  Import took 0.010107 seconds .

========================================================================
Received Import Request.
  Time since last request: 0.009627 seconds.
  path: Assets/AssetStoreOriginals/Low Poly Weapons VOL.1/Models/M1911.fbx
  artifactKey: Guid(b812e42521a5a27499e76cc5ed56e3ac) Importer(815301076,1909f56bfc062723c751e8b465ee728b)
Start importing Assets/AssetStoreOriginals/Low Poly Weapons VOL.1/Models/M1911.fbx using Guid(b812e42521a5a27499e76cc5ed56e3ac) Importer(815301076,1909f56bfc062723c751e8b465ee728b)  -> (artifact id: 'd87b996b373121f21aeb42e75d3913ad') in 0.077189 seconds 
  Import took 0.082663 seconds .

========================================================================
Received Import Request.
  Time since last request: 0.009759 seconds.
  path: Assets/TextMesh Pro/Examples & Extras/Scripts/TMP_TextEventHandler.cs
  artifactKey: Guid(1312ae25639a4bae8e25ae223209cc50) Importer(815301076,1909f56bfc062723c751e8b465ee728b)
Start importing Assets/TextMesh Pro/Examples & Extras/Scripts/TMP_TextEventHandler.cs using Guid(1312ae25639a4bae8e25ae223209cc50) Importer(815301076,1909f56bfc062723c751e8b465ee728b)  -> (artifact id: '044596276e64027adc1f872b4c79e294') in 0.005531 seconds 
  Import took 0.009893 seconds .

========================================================================
Received Import Request.
  Time since last request: 0.011360 seconds.
  path: Assets/TextMesh Pro/Resources/Fonts & Materials/LiberationSans SDF.asset
  artifactKey: Guid(8f586378b4e144a9851e7b34d9b748ee) Importer(815301076,1909f56bfc062723c751e8b465ee728b)
Start importing Assets/TextMesh Pro/Resources/Fonts & Materials/LiberationSans SDF.asset using Guid(8f586378b4e144a9851e7b34d9b748ee) Importer(815301076,1909f56bfc062723c751e8b465ee728b)  -> (artifact id: 'f1280cc7be10b532b2897fc8654f95d3') in 0.050961 seconds 
  Import took 0.055289 seconds .

========================================================================
Received Import Request.
  Time since last request: 0.008233 seconds.
  path: Assets/Scripts/PlayerRelated/Movement.cs
  artifactKey: Guid(138d58aa27761d74cbf8caf52d412b48) Importer(815301076,1909f56bfc062723c751e8b465ee728b)
Start importing Assets/Scripts/PlayerRelated/Movement.cs using Guid(138d58aa27761d74cbf8caf52d412b48) Importer(815301076,1909f56bfc062723c751e8b465ee728b)  -> (artifact id: 'adc99acd7a875d648c040b58a028c6a7') in 0.005579 seconds 
  Import took 0.009704 seconds .

========================================================================
Received Import Request.
  Time since last request: 0.006810 seconds.
  path: Assets/TextMesh Pro/Examples & Extras/Scripts/Benchmark02.cs
  artifactKey: Guid(e8538afcddc14efbb5d9e94b7ae50197) Importer(815301076,1909f56bfc062723c751e8b465ee728b)
Start importing Assets/TextMesh Pro/Examples & Extras/Scripts/Benchmark02.cs using Guid(e8538afcddc14efbb5d9e94b7ae50197) Importer(815301076,1909f56bfc062723c751e8b465ee728b)  -> (artifact id: '91fc334ee6739fbc43c0395da69767e4') in 0.005513 seconds 
  Import took 0.010057 seconds .

========================================================================
Received Import Request.
  Time since last request: 0.006714 seconds.
  path: Assets/Scripts/GameBackScript/SingletonComponent.cs
  artifactKey: Guid(2235ed08ecff7d5469d8d65157a9eb46) Importer(815301076,1909f56bfc062723c751e8b465ee728b)
Start importing Assets/Scripts/GameBackScript/SingletonComponent.cs using Guid(2235ed08ecff7d5469d8d65157a9eb46) Importer(815301076,1909f56bfc062723c751e8b465ee728b)  -> (artifact id: '9ef9cb3c23efb0fca60ac655ec4418b1') in 0.005779 seconds 
  Import took 0.010002 seconds .

========================================================================
Received Import Request.
  Time since last request: 0.008342 seconds.
  path: Assets/TextMesh Pro/Examples & Extras/Scripts/ObjectSpin.cs
  artifactKey: Guid(4f19c7f94c794c5097d8bd11e39c750d) Importer(815301076,1909f56bfc062723c751e8b465ee728b)
Start importing Assets/TextMesh Pro/Examples & Extras/Scripts/ObjectSpin.cs using Guid(4f19c7f94c794c5097d8bd11e39c750d) Importer(815301076,1909f56bfc062723c751e8b465ee728b)  -> (artifact id: '4a8866982117488907ff2ad00fc38de2') in 0.005883 seconds 
  Import took 0.010596 seconds .

========================================================================
Received Import Request.
  Time since last request: 0.007125 seconds.
  path: Assets/TextMesh Pro/Examples & Extras/Scripts/SimpleScript.cs
  artifactKey: Guid(9eff140b25d64601aabc6ba32245d099) Importer(815301076,1909f56bfc062723c751e8b465ee728b)
Start importing Assets/TextMesh Pro/Examples & Extras/Scripts/SimpleScript.cs using Guid(9eff140b25d64601aabc6ba32245d099) Importer(815301076,1909f56bfc062723c751e8b465ee728b)  -> (artifact id: '066afd32fc97a71863255e94b961c6c9') in 0.005958 seconds 
  Import took 0.012153 seconds .

>>>>>>> Stashed changes
AssetImportWorkerClient::OnTransportError - code=2 error=End of file
